2020-11-16 10:55:28,639 INFO com.training.org.CommandLineRunnerExampleApplication [restartedMain] Starting CommandLineRunnerExampleApplication using Java 14.0.2 on React-22 with PID 10836 (C:\Users\user279\eclipse-workspace\CommandLineRunnerExampleApplication\target\classes started by user279 in C:\Users\user279\eclipse-workspace\CommandLineRunnerExampleApplication)
2020-11-16 10:55:28,640 DEBUG com.training.org.CommandLineRunnerExampleApplication [restartedMain] Running with Spring Boot v2.4.0, Spring v5.3.1
2020-11-16 10:55:28,640 INFO com.training.org.CommandLineRunnerExampleApplication [restartedMain] No active profile set, falling back to default profiles: default
2020-11-16 10:55:29,488 INFO com.training.org.CommandLineRunnerExampleApplication [restartedMain] Started CommandLineRunnerExampleApplication in 0.988 seconds (JVM running for 2250.119)
2020-11-16 10:55:29,493 INFO com.training.org.ApplicationStartupRunnerTwo [restartedMain] ApplicationStartupRunnerTwo run method Started !!
2020-11-16 10:55:29,494 INFO com.training.org.ApplicationStartupRunnerOne [restartedMain] ApplicationStartupRunnerOne run method Started !!
2020-11-16 10:55:29,495 INFO com.training.org.ApplicationStartupRunner [restartedMain] ApplicaitonStartupRunner run method is started
2020-11-16 10:58:13,337 INFO com.training.org.CommandLineRunnerExampleApplication [restartedMain] Starting CommandLineRunnerExampleApplication using Java 14.0.2 on React-22 with PID 14716 (C:\Users\user279\eclipse-workspace\CommandLineRunnerExampleApplication\target\classes started by user279 in C:\Users\user279\eclipse-workspace\CommandLineRunnerExampleApplication)
2020-11-16 10:58:13,347 DEBUG com.training.org.CommandLineRunnerExampleApplication [restartedMain] Running with Spring Boot v2.4.0, Spring v5.3.1
2020-11-16 10:58:13,349 INFO com.training.org.CommandLineRunnerExampleApplication [restartedMain] No active profile set, falling back to default profiles: default
2020-11-16 10:58:18,661 INFO com.training.org.CommandLineRunnerExampleApplication [restartedMain] Started CommandLineRunnerExampleApplication in 7.147 seconds (JVM running for 10.633)
2020-11-16 10:58:18,670 INFO com.training.org.ApplicationStartupRunnerTwo [restartedMain] ApplicationStartupRunnerTwo run method Started !!
2020-11-16 10:58:18,672 INFO com.training.org.ApplicationStartupRunnerOne [restartedMain] ApplicationStartupRunnerOne run method Started !!
2020-11-16 10:58:18,673 INFO com.training.org.ApplicationStartupRunner [restartedMain] ApplicaitonStartupRunner run method is started
2020-11-16 11:22:43,888 INFO com.training.org.CommandLineRunnerExampleApplication [restartedMain] Starting CommandLineRunnerExampleApplication using Java 14.0.2 on React-22 with PID 14716 (C:\Users\user279\eclipse-workspace\CommandLineRunnerExampleApplication\target\classes started by user279 in C:\Users\user279\eclipse-workspace\CommandLineRunnerExampleApplication)
2020-11-16 11:22:43,889 DEBUG com.training.org.CommandLineRunnerExampleApplication [restartedMain] Running with Spring Boot v2.4.0, Spring v5.3.1
2020-11-16 11:22:43,889 INFO com.training.org.CommandLineRunnerExampleApplication [restartedMain] No active profile set, falling back to default profiles: default
2020-11-16 11:22:45,001 INFO com.training.org.CommandLineRunnerExampleApplication [restartedMain] Started CommandLineRunnerExampleApplication in 1.216 seconds (JVM running for 1477.019)
2020-11-16 11:22:45,006 INFO com.training.org.ApplicationStartupRunnerTwo [restartedMain] ApplicationStartupRunnerTwo run method Started !!
2020-11-16 11:22:45,007 INFO com.training.org.ApplicationStartupRunnerOne [restartedMain] ApplicationStartupRunnerOne run method Started !!
2020-11-16 11:22:45,008 INFO com.training.org.ApplicationStartupRunner [restartedMain] ApplicaitonStartupRunner run method is started
